[0.116s] DEBUG:colcon:Command line arguments: ['/usr/bin/colcon', 'build', '--symlink-install']
[0.116s] DEBUG:colcon:Parsed command line arguments: Namespace(allow_overriding=[], ament_cmake_args=None, base_paths=['.'], build_base='build', catkin_cmake_args=None, catkin_skip_building_tests=False, cmake_args=None, cmake_clean_cache=False, cmake_clean_first=False, cmake_force_configure=False, cmake_target=None, cmake_target_skip_unavailable=False, continue_on_error=False, event_handlers=None, executor='parallel', ignore_user_meta=False, install_base='install', log_base=None, log_level=None, main=<bound method BuildVerb.main of <colcon_core.verb.build.BuildVerb object at 0x7f21d87212e0>>, merge_install=False, metas=['./colcon.meta'], packages_above=None, packages_above_and_dependencies=None, packages_above_depth=None, packages_end=None, packages_ignore=None, packages_ignore_regex=None, packages_select=None, packages_select_build_failed=False, packages_select_by_dep=None, packages_select_regex=None, packages_select_test_failures=False, packages_skip=None, packages_skip_build_finished=False, packages_skip_by_dep=None, packages_skip_regex=None, packages_skip_test_passed=False, packages_skip_up_to=None, packages_start=None, packages_up_to=None, packages_up_to_regex=None, parallel_workers=4, paths=None, symlink_install=True, test_result_base=None, verb_extension=<colcon_core.verb.build.BuildVerb object at 0x7f21d87212e0>, verb_name='build', verb_parser=<colcon_defaults.argument_parser.defaults.DefaultArgumentsDecorator object at 0x7f21d8721820>)
[0.136s] Level 1:colcon.colcon_core.package_discovery:discover_packages(colcon_meta) check parameters
[0.137s] Level 1:colcon.colcon_core.package_discovery:discover_packages(recursive) check parameters
[0.137s] Level 1:colcon.colcon_core.package_discovery:discover_packages(ignore) check parameters
[0.137s] Level 1:colcon.colcon_core.package_discovery:discover_packages(path) check parameters
[0.137s] Level 1:colcon.colcon_core.package_discovery:discover_packages(colcon_meta) discover
[0.137s] Level 1:colcon.colcon_core.package_discovery:discover_packages(recursive) discover
[0.137s] INFO:colcon.colcon_core.package_discovery:Crawling recursively for packages in '/home/huy/hbot_ros2_ws/src/hbot_pkg/hbot_driver'
[0.137s] Level 1:colcon.colcon_core.package_identification:_identify(.) by extensions ['ignore', 'ignore_ament_install']
[0.137s] Level 1:colcon.colcon_core.package_identification:_identify(.) by extension 'ignore'
[0.137s] Level 1:colcon.colcon_core.package_identification:_identify(.) by extension 'ignore_ament_install'
[0.137s] Level 1:colcon.colcon_core.package_identification:_identify(.) by extensions ['colcon_pkg']
[0.137s] Level 1:colcon.colcon_core.package_identification:_identify(.) by extension 'colcon_pkg'
[0.137s] Level 1:colcon.colcon_core.package_identification:_identify(.) by extensions ['colcon_meta']
[0.137s] Level 1:colcon.colcon_core.package_identification:_identify(.) by extension 'colcon_meta'
[0.137s] Level 1:colcon.colcon_core.package_identification:_identify(.) by extensions ['ros']
[0.137s] Level 1:colcon.colcon_core.package_identification:_identify(.) by extension 'ros'
[0.149s] DEBUG:colcon.colcon_core.package_identification:Package '.' with type 'ros.ament_cmake' and name 'hbot_driver'
[0.149s] Level 1:colcon.colcon_core.package_discovery:discover_packages(recursive) using defaults
[0.149s] Level 1:colcon.colcon_core.package_discovery:discover_packages(ignore) discover
[0.149s] Level 1:colcon.colcon_core.package_discovery:discover_packages(ignore) using defaults
[0.149s] Level 1:colcon.colcon_core.package_discovery:discover_packages(path) discover
[0.149s] Level 1:colcon.colcon_core.package_discovery:discover_packages(path) using defaults
[0.173s] Level 1:colcon.colcon_core.package_discovery:discover_packages(prefix_path) check parameters
[0.173s] Level 1:colcon.colcon_core.package_discovery:discover_packages(prefix_path) discover
[0.175s] DEBUG:colcon.colcon_installed_package_information.package_discovery:Found 3 installed packages in /home/huy/hbot_ros2_ws/install
[0.176s] DEBUG:colcon.colcon_installed_package_information.package_discovery:Found 256 installed packages in /opt/ros/foxy
[0.178s] Level 1:colcon.colcon_core.package_discovery:discover_packages(prefix_path) using defaults
[0.232s] Level 5:colcon.colcon_core.verb:set package 'hbot_driver' build argument 'cmake_args' from command line to 'None'
[0.232s] Level 5:colcon.colcon_core.verb:set package 'hbot_driver' build argument 'cmake_target' from command line to 'None'
[0.232s] Level 5:colcon.colcon_core.verb:set package 'hbot_driver' build argument 'cmake_target_skip_unavailable' from command line to 'False'
[0.232s] Level 5:colcon.colcon_core.verb:set package 'hbot_driver' build argument 'cmake_clean_cache' from command line to 'False'
[0.232s] Level 5:colcon.colcon_core.verb:set package 'hbot_driver' build argument 'cmake_clean_first' from command line to 'False'
[0.232s] Level 5:colcon.colcon_core.verb:set package 'hbot_driver' build argument 'cmake_force_configure' from command line to 'False'
[0.232s] Level 5:colcon.colcon_core.verb:set package 'hbot_driver' build argument 'ament_cmake_args' from command line to 'None'
[0.232s] Level 5:colcon.colcon_core.verb:set package 'hbot_driver' build argument 'catkin_cmake_args' from command line to 'None'
[0.232s] Level 5:colcon.colcon_core.verb:set package 'hbot_driver' build argument 'catkin_skip_building_tests' from command line to 'False'
[0.233s] DEBUG:colcon.colcon_core.verb:Building package 'hbot_driver' with the following arguments: {'ament_cmake_args': None, 'build_base': '/home/huy/hbot_ros2_ws/src/hbot_pkg/hbot_driver/build/hbot_driver', 'catkin_cmake_args': None, 'catkin_skip_building_tests': False, 'cmake_args': None, 'cmake_clean_cache': False, 'cmake_clean_first': False, 'cmake_force_configure': False, 'cmake_target': None, 'cmake_target_skip_unavailable': False, 'install_base': '/home/huy/hbot_ros2_ws/src/hbot_pkg/hbot_driver/install/hbot_driver', 'merge_install': False, 'path': '/home/huy/hbot_ros2_ws/src/hbot_pkg/hbot_driver', 'symlink_install': True, 'test_result_base': None}
[0.233s] INFO:colcon.colcon_core.executor:Executing jobs using 'parallel' executor
[0.237s] DEBUG:colcon.colcon_parallel_executor.executor.parallel:run_until_complete
[0.237s] INFO:colcon.colcon_ros.task.ament_cmake.build:Building ROS package in '/home/huy/hbot_ros2_ws/src/hbot_pkg/hbot_driver' with build type 'ament_cmake'
[0.238s] INFO:colcon.colcon_cmake.task.cmake.build:Building CMake package in '/home/huy/hbot_ros2_ws/src/hbot_pkg/hbot_driver'
[0.242s] INFO:colcon.colcon_core.plugin_system:Skipping extension 'colcon_core.shell.bat': Not used on non-Windows systems
[0.242s] INFO:colcon.colcon_core.shell:Skip shell extension 'powershell' for command environment: Not usable outside of PowerShell
[0.242s] DEBUG:colcon.colcon_core.shell:Skip shell extension 'dsv' for command environment
[0.254s] DEBUG:colcon.colcon_core.event_handler.log_command:Invoking command in '/home/huy/hbot_ros2_ws/src/hbot_pkg/hbot_driver/build/hbot_driver': BYOBU_DATE=%Y-%m-%d CMAKE_PREFIX_PATH=/home/huy/hbot_ros2_ws/install/hbot_driver:/opt/ros/foxy:/home/huy/hbot_ros2_ws/install/serial:/home/huy/hbot_ros2_ws/install/hbot_msg /usr/bin/cmake --build /home/huy/hbot_ros2_ws/src/hbot_pkg/hbot_driver/build/hbot_driver -- -j4 -l4
[0.314s] DEBUG:colcon.colcon_core.event_handler.log_command:Invoked command in '/home/huy/hbot_ros2_ws/src/hbot_pkg/hbot_driver/build/hbot_driver' returned '0': BYOBU_DATE=%Y-%m-%d CMAKE_PREFIX_PATH=/home/huy/hbot_ros2_ws/install/hbot_driver:/opt/ros/foxy:/home/huy/hbot_ros2_ws/install/serial:/home/huy/hbot_ros2_ws/install/hbot_msg /usr/bin/cmake --build /home/huy/hbot_ros2_ws/src/hbot_pkg/hbot_driver/build/hbot_driver -- -j4 -l4
[0.344s] DEBUG:colcon.colcon_core.event_handler.log_command:Invoking command in '/home/huy/hbot_ros2_ws/src/hbot_pkg/hbot_driver/build/hbot_driver': BYOBU_DATE=%Y-%m-%d CMAKE_PREFIX_PATH=/home/huy/hbot_ros2_ws/install/hbot_driver:/opt/ros/foxy:/home/huy/hbot_ros2_ws/install/serial:/home/huy/hbot_ros2_ws/install/hbot_msg /usr/bin/cmake --install /home/huy/hbot_ros2_ws/src/hbot_pkg/hbot_driver/build/hbot_driver
[0.365s] Level 1:colcon.colcon_core.environment:create_environment_scripts_only(hbot_driver)
[0.367s] DEBUG:colcon.colcon_core.event_handler.log_command:Invoked command in '/home/huy/hbot_ros2_ws/src/hbot_pkg/hbot_driver/build/hbot_driver' returned '0': BYOBU_DATE=%Y-%m-%d CMAKE_PREFIX_PATH=/home/huy/hbot_ros2_ws/install/hbot_driver:/opt/ros/foxy:/home/huy/hbot_ros2_ws/install/serial:/home/huy/hbot_ros2_ws/install/hbot_msg /usr/bin/cmake --install /home/huy/hbot_ros2_ws/src/hbot_pkg/hbot_driver/build/hbot_driver
[0.370s] Level 1:colcon.colcon_core.environment:checking '/home/huy/hbot_ros2_ws/src/hbot_pkg/hbot_driver/install/hbot_driver' for CMake module files
[0.371s] Level 1:colcon.colcon_core.environment:checking '/home/huy/hbot_ros2_ws/src/hbot_pkg/hbot_driver/install/hbot_driver' for CMake config files
[0.371s] Level 1:colcon.colcon_core.shell:create_environment_hook('hbot_driver', 'cmake_prefix_path')
[0.372s] INFO:colcon.colcon_core.shell:Creating environment hook '/home/huy/hbot_ros2_ws/src/hbot_pkg/hbot_driver/install/hbot_driver/share/hbot_driver/hook/cmake_prefix_path.ps1'
[0.373s] INFO:colcon.colcon_core.shell:Creating environment descriptor '/home/huy/hbot_ros2_ws/src/hbot_pkg/hbot_driver/install/hbot_driver/share/hbot_driver/hook/cmake_prefix_path.dsv'
[0.373s] INFO:colcon.colcon_core.shell:Creating environment hook '/home/huy/hbot_ros2_ws/src/hbot_pkg/hbot_driver/install/hbot_driver/share/hbot_driver/hook/cmake_prefix_path.sh'
[0.374s] Level 1:colcon.colcon_core.environment:checking '/home/huy/hbot_ros2_ws/src/hbot_pkg/hbot_driver/install/hbot_driver/lib'
[0.374s] Level 1:colcon.colcon_core.environment:checking '/home/huy/hbot_ros2_ws/src/hbot_pkg/hbot_driver/install/hbot_driver/bin'
[0.374s] Level 1:colcon.colcon_core.environment:checking '/home/huy/hbot_ros2_ws/src/hbot_pkg/hbot_driver/install/hbot_driver/lib/pkgconfig/hbot_driver.pc'
[0.374s] Level 1:colcon.colcon_core.environment:checking '/home/huy/hbot_ros2_ws/src/hbot_pkg/hbot_driver/install/hbot_driver/lib/python3.8/site-packages'
[0.374s] Level 1:colcon.colcon_core.environment:checking '/home/huy/hbot_ros2_ws/src/hbot_pkg/hbot_driver/install/hbot_driver/bin'
[0.375s] INFO:colcon.colcon_core.shell:Creating package script '/home/huy/hbot_ros2_ws/src/hbot_pkg/hbot_driver/install/hbot_driver/share/hbot_driver/package.ps1'
[0.376s] INFO:colcon.colcon_core.shell:Creating package descriptor '/home/huy/hbot_ros2_ws/src/hbot_pkg/hbot_driver/install/hbot_driver/share/hbot_driver/package.dsv'
[0.376s] INFO:colcon.colcon_core.shell:Creating package script '/home/huy/hbot_ros2_ws/src/hbot_pkg/hbot_driver/install/hbot_driver/share/hbot_driver/package.sh'
[0.377s] INFO:colcon.colcon_core.shell:Creating package script '/home/huy/hbot_ros2_ws/src/hbot_pkg/hbot_driver/install/hbot_driver/share/hbot_driver/package.bash'
[0.377s] INFO:colcon.colcon_core.shell:Creating package script '/home/huy/hbot_ros2_ws/src/hbot_pkg/hbot_driver/install/hbot_driver/share/hbot_driver/package.zsh'
[0.378s] Level 1:colcon.colcon_core.environment:create_file_with_runtime_dependencies(/home/huy/hbot_ros2_ws/src/hbot_pkg/hbot_driver/install/hbot_driver/share/colcon-core/packages/hbot_driver)
[0.398s] Level 1:colcon.colcon_core.environment:create_environment_scripts_only(hbot_driver)
[0.400s] Level 1:colcon.colcon_core.environment:checking '/home/huy/hbot_ros2_ws/src/hbot_pkg/hbot_driver/install/hbot_driver' for CMake module files
[0.400s] Level 1:colcon.colcon_core.environment:checking '/home/huy/hbot_ros2_ws/src/hbot_pkg/hbot_driver/install/hbot_driver' for CMake config files
[0.400s] Level 1:colcon.colcon_core.shell:create_environment_hook('hbot_driver', 'cmake_prefix_path')
[0.401s] INFO:colcon.colcon_core.shell:Creating environment hook '/home/huy/hbot_ros2_ws/src/hbot_pkg/hbot_driver/install/hbot_driver/share/hbot_driver/hook/cmake_prefix_path.ps1'
[0.402s] INFO:colcon.colcon_core.shell:Creating environment descriptor '/home/huy/hbot_ros2_ws/src/hbot_pkg/hbot_driver/install/hbot_driver/share/hbot_driver/hook/cmake_prefix_path.dsv'
[0.402s] INFO:colcon.colcon_core.shell:Creating environment hook '/home/huy/hbot_ros2_ws/src/hbot_pkg/hbot_driver/install/hbot_driver/share/hbot_driver/hook/cmake_prefix_path.sh'
[0.403s] Level 1:colcon.colcon_core.environment:checking '/home/huy/hbot_ros2_ws/src/hbot_pkg/hbot_driver/install/hbot_driver/lib'
[0.403s] Level 1:colcon.colcon_core.environment:checking '/home/huy/hbot_ros2_ws/src/hbot_pkg/hbot_driver/install/hbot_driver/bin'
[0.403s] Level 1:colcon.colcon_core.environment:checking '/home/huy/hbot_ros2_ws/src/hbot_pkg/hbot_driver/install/hbot_driver/lib/pkgconfig/hbot_driver.pc'
[0.403s] Level 1:colcon.colcon_core.environment:checking '/home/huy/hbot_ros2_ws/src/hbot_pkg/hbot_driver/install/hbot_driver/lib/python3.8/site-packages'
[0.403s] Level 1:colcon.colcon_core.environment:checking '/home/huy/hbot_ros2_ws/src/hbot_pkg/hbot_driver/install/hbot_driver/bin'
[0.404s] INFO:colcon.colcon_core.shell:Creating package script '/home/huy/hbot_ros2_ws/src/hbot_pkg/hbot_driver/install/hbot_driver/share/hbot_driver/package.ps1'
[0.405s] INFO:colcon.colcon_core.shell:Creating package descriptor '/home/huy/hbot_ros2_ws/src/hbot_pkg/hbot_driver/install/hbot_driver/share/hbot_driver/package.dsv'
[0.405s] INFO:colcon.colcon_core.shell:Creating package script '/home/huy/hbot_ros2_ws/src/hbot_pkg/hbot_driver/install/hbot_driver/share/hbot_driver/package.sh'
[0.405s] INFO:colcon.colcon_core.shell:Creating package script '/home/huy/hbot_ros2_ws/src/hbot_pkg/hbot_driver/install/hbot_driver/share/hbot_driver/package.bash'
[0.406s] INFO:colcon.colcon_core.shell:Creating package script '/home/huy/hbot_ros2_ws/src/hbot_pkg/hbot_driver/install/hbot_driver/share/hbot_driver/package.zsh'
[0.406s] Level 1:colcon.colcon_core.environment:create_file_with_runtime_dependencies(/home/huy/hbot_ros2_ws/src/hbot_pkg/hbot_driver/install/hbot_driver/share/colcon-core/packages/hbot_driver)
[0.406s] DEBUG:colcon.colcon_parallel_executor.executor.parallel:closing loop
[0.407s] DEBUG:colcon.colcon_parallel_executor.executor.parallel:loop closed
[0.407s] DEBUG:colcon.colcon_parallel_executor.executor.parallel:run_until_complete finished with '0'
[0.407s] DEBUG:colcon.colcon_core.event_reactor:joining thread
[0.412s] INFO:colcon.colcon_core.plugin_system:Skipping extension 'colcon_notification.desktop_notification.terminal_notifier': Not used on non-Darwin systems
[0.412s] INFO:colcon.colcon_core.plugin_system:Skipping extension 'colcon_notification.desktop_notification.win32': Not used on non-Windows systems
[0.412s] INFO:colcon.colcon_notification.desktop_notification:Sending desktop notification using 'notify2'
[0.424s] DEBUG:colcon.colcon_core.event_reactor:joined thread
[0.425s] INFO:colcon.colcon_core.shell:Creating prefix script '/home/huy/hbot_ros2_ws/src/hbot_pkg/hbot_driver/install/local_setup.ps1'
[0.426s] INFO:colcon.colcon_core.shell:Creating prefix util module '/home/huy/hbot_ros2_ws/src/hbot_pkg/hbot_driver/install/_local_setup_util_ps1.py'
[0.427s] INFO:colcon.colcon_core.shell:Creating prefix chain script '/home/huy/hbot_ros2_ws/src/hbot_pkg/hbot_driver/install/setup.ps1'
[0.428s] INFO:colcon.colcon_core.shell:Creating prefix script '/home/huy/hbot_ros2_ws/src/hbot_pkg/hbot_driver/install/local_setup.sh'
[0.428s] INFO:colcon.colcon_core.shell:Creating prefix util module '/home/huy/hbot_ros2_ws/src/hbot_pkg/hbot_driver/install/_local_setup_util_sh.py'
[0.429s] INFO:colcon.colcon_core.shell:Creating prefix chain script '/home/huy/hbot_ros2_ws/src/hbot_pkg/hbot_driver/install/setup.sh'
[0.430s] INFO:colcon.colcon_core.shell:Creating prefix script '/home/huy/hbot_ros2_ws/src/hbot_pkg/hbot_driver/install/local_setup.bash'
[0.430s] INFO:colcon.colcon_core.shell:Creating prefix chain script '/home/huy/hbot_ros2_ws/src/hbot_pkg/hbot_driver/install/setup.bash'
[0.432s] INFO:colcon.colcon_core.shell:Creating prefix script '/home/huy/hbot_ros2_ws/src/hbot_pkg/hbot_driver/install/local_setup.zsh'
[0.432s] INFO:colcon.colcon_core.shell:Creating prefix chain script '/home/huy/hbot_ros2_ws/src/hbot_pkg/hbot_driver/install/setup.zsh'
