[100%] Built target hbot_driver
-- Install configuration: ""
-- Execute custom install script
-- Up-to-date symlink: /home/huy/hbot_ros2_ws/src/hbot_pkg/hbot_driver/install/hbot_driver/lib/hbot_driver/hbot_driver
-- Up-to-date symlink: /home/huy/hbot_ros2_ws/src/hbot_pkg/hbot_driver/install/hbot_driver/share/hbot_driver/launch/hbot_driver.launch.py
-- Up-to-date symlink: /home/huy/hbot_ros2_ws/src/hbot_pkg/hbot_driver/install/hbot_driver/share/hbot_driver/config/params.yaml
-- Up-to-date symlink: /home/huy/hbot_ros2_ws/src/hbot_pkg/hbot_driver/install/hbot_driver/share/ament_index/resource_index/package_run_dependencies/hbot_driver
-- Up-to-date symlink: /home/huy/hbot_ros2_ws/src/hbot_pkg/hbot_driver/install/hbot_driver/share/ament_index/resource_index/parent_prefix_path/hbot_driver
-- Up-to-date symlink: /home/huy/hbot_ros2_ws/src/hbot_pkg/hbot_driver/install/hbot_driver/share/hbot_driver/environment/ament_prefix_path.sh
-- Up-to-date symlink: /home/huy/hbot_ros2_ws/src/hbot_pkg/hbot_driver/install/hbot_driver/share/hbot_driver/environment/ament_prefix_path.dsv
-- Up-to-date symlink: /home/huy/hbot_ros2_ws/src/hbot_pkg/hbot_driver/install/hbot_driver/share/hbot_driver/environment/path.sh
-- Up-to-date symlink: /home/huy/hbot_ros2_ws/src/hbot_pkg/hbot_driver/install/hbot_driver/share/hbot_driver/environment/path.dsv
-- Up-to-date symlink: /home/huy/hbot_ros2_ws/src/hbot_pkg/hbot_driver/install/hbot_driver/share/hbot_driver/local_setup.bash
-- Up-to-date symlink: /home/huy/hbot_ros2_ws/src/hbot_pkg/hbot_driver/install/hbot_driver/share/hbot_driver/local_setup.sh
-- Up-to-date symlink: /home/huy/hbot_ros2_ws/src/hbot_pkg/hbot_driver/install/hbot_driver/share/hbot_driver/local_setup.zsh
-- Up-to-date symlink: /home/huy/hbot_ros2_ws/src/hbot_pkg/hbot_driver/install/hbot_driver/share/hbot_driver/local_setup.dsv
-- Symlinking: /home/huy/hbot_ros2_ws/src/hbot_pkg/hbot_driver/install/hbot_driver/share/hbot_driver/package.dsv
-- Up-to-date symlink: /home/huy/hbot_ros2_ws/src/hbot_pkg/hbot_driver/install/hbot_driver/share/ament_index/resource_index/packages/hbot_driver
-- Up-to-date symlink: /home/huy/hbot_ros2_ws/src/hbot_pkg/hbot_driver/install/hbot_driver/share/hbot_driver/cmake/hbot_driverConfig.cmake
-- Up-to-date symlink: /home/huy/hbot_ros2_ws/src/hbot_pkg/hbot_driver/install/hbot_driver/share/hbot_driver/cmake/hbot_driverConfig-version.cmake
-- Up-to-date symlink: /home/huy/hbot_ros2_ws/src/hbot_pkg/hbot_driver/install/hbot_driver/share/hbot_driver/package.xml
