-- The C compiler identification is GNU 9.4.0
-- The CXX compiler identification is GNU 9.4.0
-- Check for working C compiler: /usr/bin/cc
-- Check for working C compiler: /usr/bin/cc -- works
-- Detecting C compiler ABI info
-- Detecting C compiler ABI info - done
-- Detecting C compile features
-- Detecting C compile features - done
-- Check for working CXX compiler: /usr/bin/c++
-- Check for working CXX compiler: /usr/bin/c++ -- works
-- Detecting CXX compiler ABI info
-- Detecting CXX compiler ABI info - done
-- Detecting CXX compile features
-- Detecting CXX compile features - done
-- Found ament_cmake: 0.9.9 (/opt/ros/foxy/share/ament_cmake/cmake)
-- Found PythonInterp: /usr/bin/python3 (found suitable version "3.8.10", minimum required is "3") 
-- Using PYTHON_EXECUTABLE: /usr/bin/python3
-- Override CMake install command with custom implementation using symlinks instead of copying resources
-- Found serial: 1.2.1 (/home/huy/hbot_ros2_ws/install/serial/share/serial/cmake)
-- Found rclcpp: 2.4.1 (/opt/ros/foxy/share/rclcpp/cmake)
-- Using all available rosidl_typesupport_c: rosidl_typesupport_fastrtps_c;rosidl_typesupport_introspection_c
-- Found rosidl_adapter: 1.2.1 (/opt/ros/foxy/share/rosidl_adapter/cmake)
-- Found OpenSSL: /usr/lib/x86_64-linux-gnu/libcrypto.so (found version "1.1.1f")  
-- Found FastRTPS: /opt/ros/foxy/include  
-- Using all available rosidl_typesupport_cpp: rosidl_typesupport_fastrtps_cpp;rosidl_typesupport_introspection_cpp
-- Found rmw_implementation_cmake: 1.0.3 (/opt/ros/foxy/share/rmw_implementation_cmake/cmake)
-- Using RMW implementation 'rmw_fastrtps_cpp' as default
-- Looking for pthread.h
-- Looking for pthread.h - found
-- Performing Test CMAKE_HAVE_LIBC_PTHREAD
-- Performing Test CMAKE_HAVE_LIBC_PTHREAD - Failed
-- Looking for pthread_create in pthreads
-- Looking for pthread_create in pthreads - not found
-- Looking for pthread_create in pthread
-- Looking for pthread_create in pthread - found
-- Found Threads: TRUE  
-- Found hbot_msg: 0.0.0 (/home/huy/hbot_ros2_ws/install/hbot_msg/share/hbot_msg/cmake)
-- Configuring done
-- Generating done
-- Build files have been written to: /home/huy/hbot_ros2_ws/src/hbot_pkg/hbot_driver/build/hbot_driver
[35m[1mScanning dependencies of target hbot_driver[0m
[ 50%] [32mBuilding CXX object CMakeFiles/hbot_driver.dir/src/hbot_driver_node.cpp.o[0m
[100%] [32m[1mLinking CXX executable hbot_driver[0m
[100%] Built target hbot_driver
-- Install configuration: ""
-- Execute custom install script
-- Symlinking: /home/huy/hbot_ros2_ws/src/hbot_pkg/hbot_driver/install/hbot_driver/lib/hbot_driver/hbot_driver
-- Symlinking: /home/huy/hbot_ros2_ws/src/hbot_pkg/hbot_driver/install/hbot_driver/share/hbot_driver/launch/hbot_driver.launch.py
-- Symlinking: /home/huy/hbot_ros2_ws/src/hbot_pkg/hbot_driver/install/hbot_driver/share/hbot_driver/config/params.yaml
-- Symlinking: /home/huy/hbot_ros2_ws/src/hbot_pkg/hbot_driver/install/hbot_driver/share/ament_index/resource_index/package_run_dependencies/hbot_driver
-- Symlinking: /home/huy/hbot_ros2_ws/src/hbot_pkg/hbot_driver/install/hbot_driver/share/ament_index/resource_index/parent_prefix_path/hbot_driver
-- Symlinking: /home/huy/hbot_ros2_ws/src/hbot_pkg/hbot_driver/install/hbot_driver/share/hbot_driver/environment/ament_prefix_path.sh
-- Symlinking: /home/huy/hbot_ros2_ws/src/hbot_pkg/hbot_driver/install/hbot_driver/share/hbot_driver/environment/ament_prefix_path.dsv
-- Symlinking: /home/huy/hbot_ros2_ws/src/hbot_pkg/hbot_driver/install/hbot_driver/share/hbot_driver/environment/path.sh
-- Symlinking: /home/huy/hbot_ros2_ws/src/hbot_pkg/hbot_driver/install/hbot_driver/share/hbot_driver/environment/path.dsv
-- Symlinking: /home/huy/hbot_ros2_ws/src/hbot_pkg/hbot_driver/install/hbot_driver/share/hbot_driver/local_setup.bash
-- Symlinking: /home/huy/hbot_ros2_ws/src/hbot_pkg/hbot_driver/install/hbot_driver/share/hbot_driver/local_setup.sh
-- Symlinking: /home/huy/hbot_ros2_ws/src/hbot_pkg/hbot_driver/install/hbot_driver/share/hbot_driver/local_setup.zsh
-- Symlinking: /home/huy/hbot_ros2_ws/src/hbot_pkg/hbot_driver/install/hbot_driver/share/hbot_driver/local_setup.dsv
-- Symlinking: /home/huy/hbot_ros2_ws/src/hbot_pkg/hbot_driver/install/hbot_driver/share/hbot_driver/package.dsv
-- Symlinking: /home/huy/hbot_ros2_ws/src/hbot_pkg/hbot_driver/install/hbot_driver/share/ament_index/resource_index/packages/hbot_driver
-- Symlinking: /home/huy/hbot_ros2_ws/src/hbot_pkg/hbot_driver/install/hbot_driver/share/hbot_driver/cmake/hbot_driverConfig.cmake
-- Symlinking: /home/huy/hbot_ros2_ws/src/hbot_pkg/hbot_driver/install/hbot_driver/share/hbot_driver/cmake/hbot_driverConfig-version.cmake
-- Symlinking: /home/huy/hbot_ros2_ws/src/hbot_pkg/hbot_driver/install/hbot_driver/share/hbot_driver/package.xml
