[0.014s] Invoking command in '/home/huy/hbot_ros2_ws/src/hbot_pkg/hbot_driver/build/hbot_driver': BYOBU_DATE=%Y-%m-%d CMAKE_PREFIX_PATH=/home/huy/hbot_ros2_ws/install/hbot_driver:/opt/ros/foxy:/home/huy/hbot_ros2_ws/install/serial:/home/huy/hbot_ros2_ws/install/hbot_msg /usr/bin/cmake /home/huy/hbot_ros2_ws/src/hbot_pkg/hbot_driver -DAMENT_CMAKE_SYMLINK_INSTALL=1 -DCMAKE_INSTALL_PREFIX=/home/huy/hbot_ros2_ws/src/hbot_pkg/hbot_driver/install/hbot_driver
[0.166s] -- The C compiler identification is GNU 9.4.0
[0.213s] -- The CXX compiler identification is GNU 9.4.0
[0.218s] -- Check for working C compiler: /usr/bin/cc
[0.274s] -- Check for working C compiler: /usr/bin/cc -- works
[0.276s] -- Detecting C compiler ABI info
[0.337s] -- Detecting C compiler ABI info - done
[0.348s] -- Detecting C compile features
[0.348s] -- Detecting C compile features - done
[0.350s] -- Check for working CXX compiler: /usr/bin/c++
[0.417s] -- Check for working CXX compiler: /usr/bin/c++ -- works
[0.418s] -- Detecting CXX compiler ABI info
[0.494s] -- Detecting CXX compiler ABI info - done
[0.505s] -- Detecting CXX compile features
[0.505s] -- Detecting CXX compile features - done
[0.507s] -- Found ament_cmake: 0.9.9 (/opt/ros/foxy/share/ament_cmake/cmake)
[0.527s] -- Found PythonInterp: /usr/bin/python3 (found suitable version "3.8.10", minimum required is "3") 
[0.527s] -- Using PYTHON_EXECUTABLE: /usr/bin/python3
[0.676s] -- Override CMake install command with custom implementation using symlinks instead of copying resources
[0.693s] -- Found serial: 1.2.1 (/home/huy/hbot_ros2_ws/install/serial/share/serial/cmake)
[0.697s] -- Found rclcpp: 2.4.1 (/opt/ros/foxy/share/rclcpp/cmake)
[0.734s] -- Using all available rosidl_typesupport_c: rosidl_typesupport_fastrtps_c;rosidl_typesupport_introspection_c
[0.740s] -- Found rosidl_adapter: 1.2.1 (/opt/ros/foxy/share/rosidl_adapter/cmake)
[0.811s] -- Found OpenSSL: /usr/lib/x86_64-linux-gnu/libcrypto.so (found version "1.1.1f")  
[0.835s] -- Found FastRTPS: /opt/ros/foxy/include  
[0.897s] -- Using all available rosidl_typesupport_cpp: rosidl_typesupport_fastrtps_cpp;rosidl_typesupport_introspection_cpp
[0.945s] -- Found rmw_implementation_cmake: 1.0.3 (/opt/ros/foxy/share/rmw_implementation_cmake/cmake)
[0.946s] -- Using RMW implementation 'rmw_fastrtps_cpp' as default
[0.947s] -- Looking for pthread.h
[1.009s] -- Looking for pthread.h - found
[1.010s] -- Performing Test CMAKE_HAVE_LIBC_PTHREAD
[1.075s] -- Performing Test CMAKE_HAVE_LIBC_PTHREAD - Failed
[1.075s] -- Looking for pthread_create in pthreads
[1.131s] -- Looking for pthread_create in pthreads - not found
[1.131s] -- Looking for pthread_create in pthread
[1.189s] -- Looking for pthread_create in pthread - found
[1.190s] -- Found Threads: TRUE  
[1.323s] -- Found hbot_msg: 0.0.0 (/home/huy/hbot_ros2_ws/install/hbot_msg/share/hbot_msg/cmake)
[1.385s] -- Configuring done
[1.391s] -- Generating done
[1.392s] -- Build files have been written to: /home/huy/hbot_ros2_ws/src/hbot_pkg/hbot_driver/build/hbot_driver
[1.399s] Invoked command in '/home/huy/hbot_ros2_ws/src/hbot_pkg/hbot_driver/build/hbot_driver' returned '0': BYOBU_DATE=%Y-%m-%d CMAKE_PREFIX_PATH=/home/huy/hbot_ros2_ws/install/hbot_driver:/opt/ros/foxy:/home/huy/hbot_ros2_ws/install/serial:/home/huy/hbot_ros2_ws/install/hbot_msg /usr/bin/cmake /home/huy/hbot_ros2_ws/src/hbot_pkg/hbot_driver -DAMENT_CMAKE_SYMLINK_INSTALL=1 -DCMAKE_INSTALL_PREFIX=/home/huy/hbot_ros2_ws/src/hbot_pkg/hbot_driver/install/hbot_driver
[1.401s] Invoking command in '/home/huy/hbot_ros2_ws/src/hbot_pkg/hbot_driver/build/hbot_driver': BYOBU_DATE=%Y-%m-%d CMAKE_PREFIX_PATH=/home/huy/hbot_ros2_ws/install/hbot_driver:/opt/ros/foxy:/home/huy/hbot_ros2_ws/install/serial:/home/huy/hbot_ros2_ws/install/hbot_msg /usr/bin/cmake --build /home/huy/hbot_ros2_ws/src/hbot_pkg/hbot_driver/build/hbot_driver -- -j4 -l4
[1.434s] [35m[1mScanning dependencies of target hbot_driver[0m
[1.466s] [ 50%] [32mBuilding CXX object CMakeFiles/hbot_driver.dir/src/hbot_driver_node.cpp.o[0m
[3.717s] [01m[K/home/huy/hbot_ros2_ws/src/hbot_pkg/hbot_driver/src/hbot_driver_node.cpp:[m[K In member function ‘[01m[Kstd::pair<std::vector<unsigned char, std::allocator<unsigned char> >, unsigned char> HbotDriver::computeCommand(uint8_t)[m[K’:
[3.717s] [01m[K/home/huy/hbot_ros2_ws/src/hbot_pkg/hbot_driver/src/hbot_driver_node.cpp:194:24:[m[K [01;35m[Kwarning: [m[Kthis statement may fall through [[01;35m[K-Wimplicit-fallthrough=[m[K]
[3.717s]   194 |     [01;35m[Kcmd.first.push_back(k_int)[m[K;
[3.717s]       |     [01;35m[K~~~~~~~~~~~~~~~~~~~^~~~~~~[m[K
[3.717s] [01m[K/home/huy/hbot_ros2_ws/src/hbot_pkg/hbot_driver/src/hbot_driver_node.cpp:195:3:[m[K [01;36m[Knote: [m[Khere
[3.718s]   195 |   [01;36m[Kcase[m[K CMD_SET_KI:
[3.718s]       |   [01;36m[K^~~~[m[K
[3.718s] [01m[K/home/huy/hbot_ros2_ws/src/hbot_pkg/hbot_driver/src/hbot_driver_node.cpp:202:24:[m[K [01;35m[Kwarning: [m[Kthis statement may fall through [[01;35m[K-Wimplicit-fallthrough=[m[K]
[3.718s]   202 |     [01;35m[Kcmd.first.push_back(k_int)[m[K;
[3.718s]       |     [01;35m[K~~~~~~~~~~~~~~~~~~~^~~~~~~[m[K
[3.718s] [01m[K/home/huy/hbot_ros2_ws/src/hbot_pkg/hbot_driver/src/hbot_driver_node.cpp:203:3:[m[K [01;36m[Knote: [m[Khere
[3.718s]   203 |   [01;36m[Kcase[m[K CMD_SET_KD:
[3.718s]       |   [01;36m[K^~~~[m[K
[5.629s] [100%] [32m[1mLinking CXX executable hbot_driver[0m
[5.901s] [100%] Built target hbot_driver
[5.912s] Invoked command in '/home/huy/hbot_ros2_ws/src/hbot_pkg/hbot_driver/build/hbot_driver' returned '0': BYOBU_DATE=%Y-%m-%d CMAKE_PREFIX_PATH=/home/huy/hbot_ros2_ws/install/hbot_driver:/opt/ros/foxy:/home/huy/hbot_ros2_ws/install/serial:/home/huy/hbot_ros2_ws/install/hbot_msg /usr/bin/cmake --build /home/huy/hbot_ros2_ws/src/hbot_pkg/hbot_driver/build/hbot_driver -- -j4 -l4
[5.942s] Invoking command in '/home/huy/hbot_ros2_ws/src/hbot_pkg/hbot_driver/build/hbot_driver': BYOBU_DATE=%Y-%m-%d CMAKE_PREFIX_PATH=/home/huy/hbot_ros2_ws/install/hbot_driver:/opt/ros/foxy:/home/huy/hbot_ros2_ws/install/serial:/home/huy/hbot_ros2_ws/install/hbot_msg /usr/bin/cmake --install /home/huy/hbot_ros2_ws/src/hbot_pkg/hbot_driver/build/hbot_driver
[5.952s] -- Install configuration: ""
[5.953s] -- Execute custom install script
[5.953s] -- Symlinking: /home/huy/hbot_ros2_ws/src/hbot_pkg/hbot_driver/install/hbot_driver/lib/hbot_driver/hbot_driver
[5.962s] -- Symlinking: /home/huy/hbot_ros2_ws/src/hbot_pkg/hbot_driver/install/hbot_driver/share/hbot_driver/launch/hbot_driver.launch.py
[5.971s] -- Symlinking: /home/huy/hbot_ros2_ws/src/hbot_pkg/hbot_driver/install/hbot_driver/share/hbot_driver/config/params.yaml
[5.979s] -- Symlinking: /home/huy/hbot_ros2_ws/src/hbot_pkg/hbot_driver/install/hbot_driver/share/ament_index/resource_index/package_run_dependencies/hbot_driver
[5.987s] -- Symlinking: /home/huy/hbot_ros2_ws/src/hbot_pkg/hbot_driver/install/hbot_driver/share/ament_index/resource_index/parent_prefix_path/hbot_driver
[5.995s] -- Symlinking: /home/huy/hbot_ros2_ws/src/hbot_pkg/hbot_driver/install/hbot_driver/share/hbot_driver/environment/ament_prefix_path.sh
[6.003s] -- Symlinking: /home/huy/hbot_ros2_ws/src/hbot_pkg/hbot_driver/install/hbot_driver/share/hbot_driver/environment/ament_prefix_path.dsv
[6.011s] -- Symlinking: /home/huy/hbot_ros2_ws/src/hbot_pkg/hbot_driver/install/hbot_driver/share/hbot_driver/environment/path.sh
[6.020s] -- Symlinking: /home/huy/hbot_ros2_ws/src/hbot_pkg/hbot_driver/install/hbot_driver/share/hbot_driver/environment/path.dsv
[6.028s] -- Symlinking: /home/huy/hbot_ros2_ws/src/hbot_pkg/hbot_driver/install/hbot_driver/share/hbot_driver/local_setup.bash
[6.036s] -- Symlinking: /home/huy/hbot_ros2_ws/src/hbot_pkg/hbot_driver/install/hbot_driver/share/hbot_driver/local_setup.sh
[6.045s] -- Symlinking: /home/huy/hbot_ros2_ws/src/hbot_pkg/hbot_driver/install/hbot_driver/share/hbot_driver/local_setup.zsh
[6.053s] -- Symlinking: /home/huy/hbot_ros2_ws/src/hbot_pkg/hbot_driver/install/hbot_driver/share/hbot_driver/local_setup.dsv
[6.062s] -- Symlinking: /home/huy/hbot_ros2_ws/src/hbot_pkg/hbot_driver/install/hbot_driver/share/hbot_driver/package.dsv
[6.070s] -- Symlinking: /home/huy/hbot_ros2_ws/src/hbot_pkg/hbot_driver/install/hbot_driver/share/ament_index/resource_index/packages/hbot_driver
[6.078s] -- Symlinking: /home/huy/hbot_ros2_ws/src/hbot_pkg/hbot_driver/install/hbot_driver/share/hbot_driver/cmake/hbot_driverConfig.cmake
[6.086s] -- Symlinking: /home/huy/hbot_ros2_ws/src/hbot_pkg/hbot_driver/install/hbot_driver/share/hbot_driver/cmake/hbot_driverConfig-version.cmake
[6.094s] -- Symlinking: /home/huy/hbot_ros2_ws/src/hbot_pkg/hbot_driver/install/hbot_driver/share/hbot_driver/package.xml
[6.105s] Invoked command in '/home/huy/hbot_ros2_ws/src/hbot_pkg/hbot_driver/build/hbot_driver' returned '0': BYOBU_DATE=%Y-%m-%d CMAKE_PREFIX_PATH=/home/huy/hbot_ros2_ws/install/hbot_driver:/opt/ros/foxy:/home/huy/hbot_ros2_ws/install/serial:/home/huy/hbot_ros2_ws/install/hbot_msg /usr/bin/cmake --install /home/huy/hbot_ros2_ws/src/hbot_pkg/hbot_driver/build/hbot_driver
