[0.114s] DEBUG:colcon:Command line arguments: ['/usr/bin/colcon', 'build', '--symlink-install']
[0.115s] DEBUG:colcon:Parsed command line arguments: Namespace(allow_overriding=[], ament_cmake_args=None, base_paths=['.'], build_base='build', catkin_cmake_args=None, catkin_skip_building_tests=False, cmake_args=None, cmake_clean_cache=False, cmake_clean_first=False, cmake_force_configure=False, cmake_target=None, cmake_target_skip_unavailable=False, continue_on_error=False, event_handlers=None, executor='parallel', ignore_user_meta=False, install_base='install', log_base=None, log_level=None, main=<bound method BuildVerb.main of <colcon_core.verb.build.BuildVerb object at 0x7ff33d9d9430>>, merge_install=False, metas=['./colcon.meta'], packages_above=None, packages_above_and_dependencies=None, packages_above_depth=None, packages_end=None, packages_ignore=None, packages_ignore_regex=None, packages_select=None, packages_select_build_failed=False, packages_select_by_dep=None, packages_select_regex=None, packages_select_test_failures=False, packages_skip=None, packages_skip_build_finished=False, packages_skip_by_dep=None, packages_skip_regex=None, packages_skip_test_passed=False, packages_skip_up_to=None, packages_start=None, packages_up_to=None, packages_up_to_regex=None, parallel_workers=4, paths=None, symlink_install=True, test_result_base=None, verb_extension=<colcon_core.verb.build.BuildVerb object at 0x7ff33d9d9430>, verb_name='build', verb_parser=<colcon_defaults.argument_parser.defaults.DefaultArgumentsDecorator object at 0x7ff33d9d9970>)
[0.134s] Level 1:colcon.colcon_core.package_discovery:discover_packages(colcon_meta) check parameters
[0.134s] Level 1:colcon.colcon_core.package_discovery:discover_packages(recursive) check parameters
[0.134s] Level 1:colcon.colcon_core.package_discovery:discover_packages(ignore) check parameters
[0.134s] Level 1:colcon.colcon_core.package_discovery:discover_packages(path) check parameters
[0.134s] Level 1:colcon.colcon_core.package_discovery:discover_packages(colcon_meta) discover
[0.135s] Level 1:colcon.colcon_core.package_discovery:discover_packages(recursive) discover
[0.135s] INFO:colcon.colcon_core.package_discovery:Crawling recursively for packages in '/home/huy/hbot_ros2_ws/src/hbot_pkg/hbot_driver'
[0.135s] Level 1:colcon.colcon_core.package_identification:_identify(.) by extensions ['ignore', 'ignore_ament_install']
[0.135s] Level 1:colcon.colcon_core.package_identification:_identify(.) by extension 'ignore'
[0.135s] Level 1:colcon.colcon_core.package_identification:_identify(.) by extension 'ignore_ament_install'
[0.135s] Level 1:colcon.colcon_core.package_identification:_identify(.) by extensions ['colcon_pkg']
[0.135s] Level 1:colcon.colcon_core.package_identification:_identify(.) by extension 'colcon_pkg'
[0.135s] Level 1:colcon.colcon_core.package_identification:_identify(.) by extensions ['colcon_meta']
[0.135s] Level 1:colcon.colcon_core.package_identification:_identify(.) by extension 'colcon_meta'
[0.135s] Level 1:colcon.colcon_core.package_identification:_identify(.) by extensions ['ros']
[0.135s] Level 1:colcon.colcon_core.package_identification:_identify(.) by extension 'ros'
[0.146s] DEBUG:colcon.colcon_core.package_identification:Package '.' with type 'ros.ament_cmake' and name 'hbot_driver'
[0.146s] Level 1:colcon.colcon_core.package_discovery:discover_packages(recursive) using defaults
[0.146s] Level 1:colcon.colcon_core.package_discovery:discover_packages(ignore) discover
[0.146s] Level 1:colcon.colcon_core.package_discovery:discover_packages(ignore) using defaults
[0.146s] Level 1:colcon.colcon_core.package_discovery:discover_packages(path) discover
[0.146s] Level 1:colcon.colcon_core.package_discovery:discover_packages(path) using defaults
[0.171s] Level 1:colcon.colcon_core.package_discovery:discover_packages(prefix_path) check parameters
[0.172s] Level 1:colcon.colcon_core.package_discovery:discover_packages(prefix_path) discover
[0.174s] DEBUG:colcon.colcon_installed_package_information.package_discovery:Found 3 installed packages in /home/huy/hbot_ros2_ws/install
[0.175s] DEBUG:colcon.colcon_installed_package_information.package_discovery:Found 256 installed packages in /opt/ros/foxy
[0.176s] Level 1:colcon.colcon_core.package_discovery:discover_packages(prefix_path) using defaults
[0.232s] Level 5:colcon.colcon_core.verb:set package 'hbot_driver' build argument 'cmake_args' from command line to 'None'
[0.232s] Level 5:colcon.colcon_core.verb:set package 'hbot_driver' build argument 'cmake_target' from command line to 'None'
[0.232s] Level 5:colcon.colcon_core.verb:set package 'hbot_driver' build argument 'cmake_target_skip_unavailable' from command line to 'False'
[0.232s] Level 5:colcon.colcon_core.verb:set package 'hbot_driver' build argument 'cmake_clean_cache' from command line to 'False'
[0.232s] Level 5:colcon.colcon_core.verb:set package 'hbot_driver' build argument 'cmake_clean_first' from command line to 'False'
[0.232s] Level 5:colcon.colcon_core.verb:set package 'hbot_driver' build argument 'cmake_force_configure' from command line to 'False'
[0.232s] Level 5:colcon.colcon_core.verb:set package 'hbot_driver' build argument 'ament_cmake_args' from command line to 'None'
[0.232s] Level 5:colcon.colcon_core.verb:set package 'hbot_driver' build argument 'catkin_cmake_args' from command line to 'None'
[0.232s] Level 5:colcon.colcon_core.verb:set package 'hbot_driver' build argument 'catkin_skip_building_tests' from command line to 'False'
[0.232s] DEBUG:colcon.colcon_core.verb:Building package 'hbot_driver' with the following arguments: {'ament_cmake_args': None, 'build_base': '/home/huy/hbot_ros2_ws/src/hbot_pkg/hbot_driver/build/hbot_driver', 'catkin_cmake_args': None, 'catkin_skip_building_tests': False, 'cmake_args': None, 'cmake_clean_cache': False, 'cmake_clean_first': False, 'cmake_force_configure': False, 'cmake_target': None, 'cmake_target_skip_unavailable': False, 'install_base': '/home/huy/hbot_ros2_ws/src/hbot_pkg/hbot_driver/install/hbot_driver', 'merge_install': False, 'path': '/home/huy/hbot_ros2_ws/src/hbot_pkg/hbot_driver', 'symlink_install': True, 'test_result_base': None}
[0.233s] INFO:colcon.colcon_core.executor:Executing jobs using 'parallel' executor
[0.236s] DEBUG:colcon.colcon_parallel_executor.executor.parallel:run_until_complete
[0.236s] INFO:colcon.colcon_ros.task.ament_cmake.build:Building ROS package in '/home/huy/hbot_ros2_ws/src/hbot_pkg/hbot_driver' with build type 'ament_cmake'
[0.236s] INFO:colcon.colcon_cmake.task.cmake.build:Building CMake package in '/home/huy/hbot_ros2_ws/src/hbot_pkg/hbot_driver'
[0.240s] INFO:colcon.colcon_core.plugin_system:Skipping extension 'colcon_core.shell.bat': Not used on non-Windows systems
[0.240s] INFO:colcon.colcon_core.shell:Skip shell extension 'powershell' for command environment: Not usable outside of PowerShell
[0.240s] DEBUG:colcon.colcon_core.shell:Skip shell extension 'dsv' for command environment
[0.250s] DEBUG:colcon.colcon_core.event_handler.log_command:Invoking command in '/home/huy/hbot_ros2_ws/src/hbot_pkg/hbot_driver/build/hbot_driver': BYOBU_DATE=%Y-%m-%d CMAKE_PREFIX_PATH=/home/huy/hbot_ros2_ws/install/hbot_driver:/opt/ros/foxy:/home/huy/hbot_ros2_ws/install/serial:/home/huy/hbot_ros2_ws/install/hbot_msg /usr/bin/cmake /home/huy/hbot_ros2_ws/src/hbot_pkg/hbot_driver -DAMENT_CMAKE_SYMLINK_INSTALL=1 -DCMAKE_INSTALL_PREFIX=/home/huy/hbot_ros2_ws/src/hbot_pkg/hbot_driver/install/hbot_driver
[1.636s] DEBUG:colcon.colcon_core.event_handler.log_command:Invoked command in '/home/huy/hbot_ros2_ws/src/hbot_pkg/hbot_driver/build/hbot_driver' returned '0': BYOBU_DATE=%Y-%m-%d CMAKE_PREFIX_PATH=/home/huy/hbot_ros2_ws/install/hbot_driver:/opt/ros/foxy:/home/huy/hbot_ros2_ws/install/serial:/home/huy/hbot_ros2_ws/install/hbot_msg /usr/bin/cmake /home/huy/hbot_ros2_ws/src/hbot_pkg/hbot_driver -DAMENT_CMAKE_SYMLINK_INSTALL=1 -DCMAKE_INSTALL_PREFIX=/home/huy/hbot_ros2_ws/src/hbot_pkg/hbot_driver/install/hbot_driver
[1.637s] DEBUG:colcon.colcon_core.event_handler.log_command:Invoking command in '/home/huy/hbot_ros2_ws/src/hbot_pkg/hbot_driver/build/hbot_driver': BYOBU_DATE=%Y-%m-%d CMAKE_PREFIX_PATH=/home/huy/hbot_ros2_ws/install/hbot_driver:/opt/ros/foxy:/home/huy/hbot_ros2_ws/install/serial:/home/huy/hbot_ros2_ws/install/hbot_msg /usr/bin/cmake --build /home/huy/hbot_ros2_ws/src/hbot_pkg/hbot_driver/build/hbot_driver -- -j4 -l4
[6.148s] DEBUG:colcon.colcon_core.event_handler.log_command:Invoked command in '/home/huy/hbot_ros2_ws/src/hbot_pkg/hbot_driver/build/hbot_driver' returned '0': BYOBU_DATE=%Y-%m-%d CMAKE_PREFIX_PATH=/home/huy/hbot_ros2_ws/install/hbot_driver:/opt/ros/foxy:/home/huy/hbot_ros2_ws/install/serial:/home/huy/hbot_ros2_ws/install/hbot_msg /usr/bin/cmake --build /home/huy/hbot_ros2_ws/src/hbot_pkg/hbot_driver/build/hbot_driver -- -j4 -l4
[6.179s] DEBUG:colcon.colcon_core.event_handler.log_command:Invoking command in '/home/huy/hbot_ros2_ws/src/hbot_pkg/hbot_driver/build/hbot_driver': BYOBU_DATE=%Y-%m-%d CMAKE_PREFIX_PATH=/home/huy/hbot_ros2_ws/install/hbot_driver:/opt/ros/foxy:/home/huy/hbot_ros2_ws/install/serial:/home/huy/hbot_ros2_ws/install/hbot_msg /usr/bin/cmake --install /home/huy/hbot_ros2_ws/src/hbot_pkg/hbot_driver/build/hbot_driver
[6.340s] Level 1:colcon.colcon_core.environment:create_environment_scripts_only(hbot_driver)
[6.341s] DEBUG:colcon.colcon_core.event_handler.log_command:Invoked command in '/home/huy/hbot_ros2_ws/src/hbot_pkg/hbot_driver/build/hbot_driver' returned '0': BYOBU_DATE=%Y-%m-%d CMAKE_PREFIX_PATH=/home/huy/hbot_ros2_ws/install/hbot_driver:/opt/ros/foxy:/home/huy/hbot_ros2_ws/install/serial:/home/huy/hbot_ros2_ws/install/hbot_msg /usr/bin/cmake --install /home/huy/hbot_ros2_ws/src/hbot_pkg/hbot_driver/build/hbot_driver
[6.345s] Level 1:colcon.colcon_core.environment:checking '/home/huy/hbot_ros2_ws/src/hbot_pkg/hbot_driver/install/hbot_driver' for CMake module files
[6.346s] Level 1:colcon.colcon_core.environment:checking '/home/huy/hbot_ros2_ws/src/hbot_pkg/hbot_driver/install/hbot_driver' for CMake config files
[6.346s] Level 1:colcon.colcon_core.shell:create_environment_hook('hbot_driver', 'cmake_prefix_path')
[6.347s] INFO:colcon.colcon_core.shell:Creating environment hook '/home/huy/hbot_ros2_ws/src/hbot_pkg/hbot_driver/install/hbot_driver/share/hbot_driver/hook/cmake_prefix_path.ps1'
[6.348s] INFO:colcon.colcon_core.shell:Creating environment descriptor '/home/huy/hbot_ros2_ws/src/hbot_pkg/hbot_driver/install/hbot_driver/share/hbot_driver/hook/cmake_prefix_path.dsv'
[6.348s] INFO:colcon.colcon_core.shell:Creating environment hook '/home/huy/hbot_ros2_ws/src/hbot_pkg/hbot_driver/install/hbot_driver/share/hbot_driver/hook/cmake_prefix_path.sh'
[6.349s] Level 1:colcon.colcon_core.environment:checking '/home/huy/hbot_ros2_ws/src/hbot_pkg/hbot_driver/install/hbot_driver/lib'
[6.349s] Level 1:colcon.colcon_core.environment:checking '/home/huy/hbot_ros2_ws/src/hbot_pkg/hbot_driver/install/hbot_driver/bin'
[6.349s] Level 1:colcon.colcon_core.environment:checking '/home/huy/hbot_ros2_ws/src/hbot_pkg/hbot_driver/install/hbot_driver/lib/pkgconfig/hbot_driver.pc'
[6.349s] Level 1:colcon.colcon_core.environment:checking '/home/huy/hbot_ros2_ws/src/hbot_pkg/hbot_driver/install/hbot_driver/lib/python3.8/site-packages'
[6.350s] Level 1:colcon.colcon_core.environment:checking '/home/huy/hbot_ros2_ws/src/hbot_pkg/hbot_driver/install/hbot_driver/bin'
[6.351s] INFO:colcon.colcon_core.shell:Creating package script '/home/huy/hbot_ros2_ws/src/hbot_pkg/hbot_driver/install/hbot_driver/share/hbot_driver/package.ps1'
[6.352s] INFO:colcon.colcon_core.shell:Creating package descriptor '/home/huy/hbot_ros2_ws/src/hbot_pkg/hbot_driver/install/hbot_driver/share/hbot_driver/package.dsv'
[6.352s] INFO:colcon.colcon_core.shell:Creating package script '/home/huy/hbot_ros2_ws/src/hbot_pkg/hbot_driver/install/hbot_driver/share/hbot_driver/package.sh'
[6.353s] INFO:colcon.colcon_core.shell:Creating package script '/home/huy/hbot_ros2_ws/src/hbot_pkg/hbot_driver/install/hbot_driver/share/hbot_driver/package.bash'
[6.354s] INFO:colcon.colcon_core.shell:Creating package script '/home/huy/hbot_ros2_ws/src/hbot_pkg/hbot_driver/install/hbot_driver/share/hbot_driver/package.zsh'
[6.355s] Level 1:colcon.colcon_core.environment:create_file_with_runtime_dependencies(/home/huy/hbot_ros2_ws/src/hbot_pkg/hbot_driver/install/hbot_driver/share/colcon-core/packages/hbot_driver)
[6.377s] Level 1:colcon.colcon_core.environment:create_environment_scripts_only(hbot_driver)
[6.378s] Level 1:colcon.colcon_core.environment:checking '/home/huy/hbot_ros2_ws/src/hbot_pkg/hbot_driver/install/hbot_driver' for CMake module files
[6.379s] Level 1:colcon.colcon_core.environment:checking '/home/huy/hbot_ros2_ws/src/hbot_pkg/hbot_driver/install/hbot_driver' for CMake config files
[6.379s] Level 1:colcon.colcon_core.shell:create_environment_hook('hbot_driver', 'cmake_prefix_path')
[6.380s] INFO:colcon.colcon_core.shell:Creating environment hook '/home/huy/hbot_ros2_ws/src/hbot_pkg/hbot_driver/install/hbot_driver/share/hbot_driver/hook/cmake_prefix_path.ps1'
[6.381s] INFO:colcon.colcon_core.shell:Creating environment descriptor '/home/huy/hbot_ros2_ws/src/hbot_pkg/hbot_driver/install/hbot_driver/share/hbot_driver/hook/cmake_prefix_path.dsv'
[6.381s] INFO:colcon.colcon_core.shell:Creating environment hook '/home/huy/hbot_ros2_ws/src/hbot_pkg/hbot_driver/install/hbot_driver/share/hbot_driver/hook/cmake_prefix_path.sh'
[6.382s] Level 1:colcon.colcon_core.environment:checking '/home/huy/hbot_ros2_ws/src/hbot_pkg/hbot_driver/install/hbot_driver/lib'
[6.382s] Level 1:colcon.colcon_core.environment:checking '/home/huy/hbot_ros2_ws/src/hbot_pkg/hbot_driver/install/hbot_driver/bin'
[6.382s] Level 1:colcon.colcon_core.environment:checking '/home/huy/hbot_ros2_ws/src/hbot_pkg/hbot_driver/install/hbot_driver/lib/pkgconfig/hbot_driver.pc'
[6.382s] Level 1:colcon.colcon_core.environment:checking '/home/huy/hbot_ros2_ws/src/hbot_pkg/hbot_driver/install/hbot_driver/lib/python3.8/site-packages'
[6.382s] Level 1:colcon.colcon_core.environment:checking '/home/huy/hbot_ros2_ws/src/hbot_pkg/hbot_driver/install/hbot_driver/bin'
[6.384s] INFO:colcon.colcon_core.shell:Creating package script '/home/huy/hbot_ros2_ws/src/hbot_pkg/hbot_driver/install/hbot_driver/share/hbot_driver/package.ps1'
[6.384s] INFO:colcon.colcon_core.shell:Creating package descriptor '/home/huy/hbot_ros2_ws/src/hbot_pkg/hbot_driver/install/hbot_driver/share/hbot_driver/package.dsv'
[6.384s] INFO:colcon.colcon_core.shell:Creating package script '/home/huy/hbot_ros2_ws/src/hbot_pkg/hbot_driver/install/hbot_driver/share/hbot_driver/package.sh'
[6.385s] INFO:colcon.colcon_core.shell:Creating package script '/home/huy/hbot_ros2_ws/src/hbot_pkg/hbot_driver/install/hbot_driver/share/hbot_driver/package.bash'
[6.385s] INFO:colcon.colcon_core.shell:Creating package script '/home/huy/hbot_ros2_ws/src/hbot_pkg/hbot_driver/install/hbot_driver/share/hbot_driver/package.zsh'
[6.385s] Level 1:colcon.colcon_core.environment:create_file_with_runtime_dependencies(/home/huy/hbot_ros2_ws/src/hbot_pkg/hbot_driver/install/hbot_driver/share/colcon-core/packages/hbot_driver)
[6.386s] DEBUG:colcon.colcon_parallel_executor.executor.parallel:closing loop
[6.386s] DEBUG:colcon.colcon_parallel_executor.executor.parallel:loop closed
[6.387s] DEBUG:colcon.colcon_parallel_executor.executor.parallel:run_until_complete finished with '0'
[6.387s] DEBUG:colcon.colcon_core.event_reactor:joining thread
[6.392s] INFO:colcon.colcon_core.plugin_system:Skipping extension 'colcon_notification.desktop_notification.terminal_notifier': Not used on non-Darwin systems
[6.393s] INFO:colcon.colcon_core.plugin_system:Skipping extension 'colcon_notification.desktop_notification.win32': Not used on non-Windows systems
[6.393s] INFO:colcon.colcon_notification.desktop_notification:Sending desktop notification using 'notify2'
[6.408s] DEBUG:colcon.colcon_core.event_reactor:joined thread
[6.409s] INFO:colcon.colcon_core.shell:Creating prefix script '/home/huy/hbot_ros2_ws/src/hbot_pkg/hbot_driver/install/local_setup.ps1'
[6.410s] INFO:colcon.colcon_core.shell:Creating prefix util module '/home/huy/hbot_ros2_ws/src/hbot_pkg/hbot_driver/install/_local_setup_util_ps1.py'
[6.411s] INFO:colcon.colcon_core.shell:Creating prefix chain script '/home/huy/hbot_ros2_ws/src/hbot_pkg/hbot_driver/install/setup.ps1'
[6.412s] INFO:colcon.colcon_core.shell:Creating prefix script '/home/huy/hbot_ros2_ws/src/hbot_pkg/hbot_driver/install/local_setup.sh'
[6.413s] INFO:colcon.colcon_core.shell:Creating prefix util module '/home/huy/hbot_ros2_ws/src/hbot_pkg/hbot_driver/install/_local_setup_util_sh.py'
[6.413s] INFO:colcon.colcon_core.shell:Creating prefix chain script '/home/huy/hbot_ros2_ws/src/hbot_pkg/hbot_driver/install/setup.sh'
[6.415s] INFO:colcon.colcon_core.shell:Creating prefix script '/home/huy/hbot_ros2_ws/src/hbot_pkg/hbot_driver/install/local_setup.bash'
[6.415s] INFO:colcon.colcon_core.shell:Creating prefix chain script '/home/huy/hbot_ros2_ws/src/hbot_pkg/hbot_driver/install/setup.bash'
[6.416s] INFO:colcon.colcon_core.shell:Creating prefix script '/home/huy/hbot_ros2_ws/src/hbot_pkg/hbot_driver/install/local_setup.zsh'
[6.417s] INFO:colcon.colcon_core.shell:Creating prefix chain script '/home/huy/hbot_ros2_ws/src/hbot_pkg/hbot_driver/install/setup.zsh'
